{
  "stats": {
    "suites": 10,
    "tests": 10,
    "passes": 10,
    "pending": 0,
    "failures": 0,
    "start": "2022-08-18T15:53:09.926Z",
    "end": "2022-08-18T15:55:14.153Z",
    "duration": 54898,
    "testsRegistered": 10,
    "passPercent": 100,
    "pendingPercent": 0,
    "other": 0,
    "hasOther": false,
    "skipped": 0,
    "hasSkipped": false
  },
  "results": [
    {
      "uuid": "374ac6f8-2c6b-467a-87d0-8ba099795a76",
      "title": "",
      "fullFile": "cypress/integration/examples/FrameworkBTest.js",
      "file": "cypress/integration/examples/FrameworkBTest.js",
      "beforeHooks": [],
      "afterHooks": [],
      "tests": [],
      "suites": [
        {
          "uuid": "27639148-c9b0-49b5-8dae-9415c4e1c286",
          "title": "Framework test Suite",
          "fullFile": "",
          "file": "",
          "beforeHooks": [],
          "afterHooks": [],
          "tests": [
            {
              "title": "My Framework test case",
              "fullTitle": "Framework test Suite My Framework test case",
              "timedOut": null,
              "duration": 2910,
              "state": "passed",
              "speed": "fast",
              "pass": true,
              "fail": false,
              "pending": false,
              "context": null,
              "code": "cy.visit(\"https://rahulshettyacademy.com/angularpractice/\"); //cy.get('input[name=\"name\"]').eq(0).type(\"Bob\")\ncy.get('input[name=\"name\"]:nth-child(2)').type(this.data.name);\ncy.get('select').select(this.data.gender);\ncy.get('input[name=\"name\"]:nth-child(1)').should('have.value', this.data.name);\ncy.get('input[name=\"name\"]:nth-child(2)').should('have.attr', 'minlength', '2');\ncy.get('#inlineRadio3').should('be.disabled');\ncy.get('a[href=\"/angularpractice/shop\"]').click(); // for debugging\ncy.pause();\nthis.data.productName.forEach(element => cy.selectProduct(element));",
              "err": {},
              "uuid": "015d5aea-3b99-4c34-a571-390a1fe44924",
              "parentUUID": "27639148-c9b0-49b5-8dae-9415c4e1c286",
              "isHook": false,
              "skipped": false
            }
          ],
          "suites": [],
          "passes": [
            "015d5aea-3b99-4c34-a571-390a1fe44924"
          ],
          "failures": [],
          "pending": [],
          "skipped": [],
          "duration": 2910,
          "root": false,
          "rootEmpty": false,
          "_timeout": 2000
        }
      ],
      "passes": [],
      "failures": [],
      "pending": [],
      "skipped": [],
      "duration": 0,
      "root": true,
      "rootEmpty": true,
      "_timeout": 2000
    },
    {
      "uuid": "0f444cb9-12dc-410e-8f99-f6b72ed2b58d",
      "title": "",
      "fullFile": "cypress/integration/examples/FrameworkBTestPOM.js",
      "file": "cypress/integration/examples/FrameworkBTestPOM.js",
      "beforeHooks": [],
      "afterHooks": [],
      "tests": [],
      "suites": [
        {
          "uuid": "9cadff7c-388c-4f55-833a-8df1e5cd1514",
          "title": "Framework test Suite",
          "fullFile": "",
          "file": "",
          "beforeHooks": [],
          "afterHooks": [],
          "tests": [
            {
              "title": "My Framework test case",
              "fullTitle": "Framework test Suite My Framework test case",
              "timedOut": null,
              "duration": 8606,
              "state": "passed",
              "speed": "medium",
              "pass": true,
              "fail": false,
              "pending": false,
              "context": null,
              "code": "const homePage = new _HomePage.default();\nconst productsPage = new _ProductsPage.default();\nconst checkoutPage = new _CheckoutPage.default();\ncy.visit(Cypress.env(\"url\") + \"/angularpractice/\"); //cy.get('input[name=\"name\"]').eq(0).type(\"Bob\")\nhomePage.getEditBox().type(this.data.name);\nhomePage.getGender().select(this.data.gender);\nhomePage.getTwoWayDataBinding().should('have.value', this.data.name);\nhomePage.getEditBox().should('have.attr', 'minlength', '2');\nhomePage.getEnterpreneur().should('be.disabled');\nhomePage.getShopTab().click(); // for debugging\n// cy.pause()\nthis.data.productName.forEach(element => cy.selectProduct(element));\nproductsPage.getCheckout().click();\nvar sum = 0;\ncheckoutPage.getProductValues().each(($el, index, $list) => {\n  const valoreProdotto = $el.text();\n  var res = valoreProdotto.split(\" \");\n  res = res[1].trim();\n  sum = Number(sum) + Number(res);\n}).then(function () {\n  cy.log(sum);\n});\ncheckoutPage.getTotalValue().then(function (element) {\n  const valoreTotale = element.text();\n  var tot = valoreTotale.split(\" \");\n  tot = Number(tot[1].trim());\n  expect(sum).to.equal(tot);\n});\ncheckoutPage.getCheckout().click();\ncheckoutPage.getDeliveryLocation().type('India'); // set command timeout only for this specific test\nCypress.config('defaultCommandTimeout', 8000); //cy.wait(5000)\ncheckoutPage.getDeliveryLocationSuggestion().click(); // force click on an element covered by another one\ncheckoutPage.clickCheckBox().click({\n  force: true\n});\ncheckoutPage.clickPurchase().click();\ncheckoutPage.thankYouMessage().then(function (element) {\n  const actualText = element.text();\n  expect(actualText.includes('Success')).to.be.true;\n});",
              "err": {},
              "uuid": "4857bf73-0831-4242-9717-c90e856898f8",
              "parentUUID": "9cadff7c-388c-4f55-833a-8df1e5cd1514",
              "isHook": false,
              "skipped": false
            }
          ],
          "suites": [],
          "passes": [
            "4857bf73-0831-4242-9717-c90e856898f8"
          ],
          "failures": [],
          "pending": [],
          "skipped": [],
          "duration": 8606,
          "root": false,
          "rootEmpty": false,
          "_timeout": 2000
        }
      ],
      "passes": [],
      "failures": [],
      "pending": [],
      "skipped": [],
      "duration": 0,
      "root": true,
      "rootEmpty": true,
      "_timeout": 2000
    },
    {
      "uuid": "5e7dbf81-5e40-494b-97f8-df53d154109a",
      "title": "",
      "fullFile": "cypress/integration/examples/Test1.js",
      "file": "cypress/integration/examples/Test1.js",
      "beforeHooks": [],
      "afterHooks": [],
      "tests": [],
      "suites": [
        {
          "uuid": "a6f79651-38e1-4d4a-9f89-06f873e5d252",
          "title": "My first test Suite",
          "fullFile": "",
          "file": "",
          "beforeHooks": [],
          "afterHooks": [],
          "tests": [
            {
              "title": "My first test case",
              "fullTitle": "My first test Suite My first test case",
              "timedOut": null,
              "duration": 5010,
              "state": "passed",
              "speed": "medium",
              "pass": true,
              "fail": false,
              "pending": false,
              "context": null,
              "code": "cy.visit(\"https://rahulshettyacademy.com/seleniumPractise/#/\");\ncy.get('.search-keyword').type('ca');\ncy.wait(2000);\ncy.get('.product:visible').should('have.length', 4); // Parent child chaining\ncy.get('.products').as('productsLocator');\ncy.get('@productsLocator').find('.product').should('have.length', 4);\ncy.get('@productsLocator').find('.product').eq(2).contains('ADD TO CART').click().then(function () {\n  console.log(\"Test\");\n});\ncy.get('@productsLocator').find('.product').each(($el, index, $list) => {\n  const titolo_prodotto = $el.find('h4.product-name').text();\n  if (titolo_prodotto.includes('Cashews')) {\n    cy.wrap($el).find(\"button[type='button']\").click();\n  }\n}); // assert if logo text is correctly displayed\ncy.get('.brand.greenLogo').should('have.text', 'GREENKART'); // this is to print in logs\ncy.get('.brand.greenLogo').then(function (logo) {\n  cy.log(logo.text());\n});",
              "err": {},
              "uuid": "2cef89ac-fad7-41d9-826d-dd7cecbfbdeb",
              "parentUUID": "a6f79651-38e1-4d4a-9f89-06f873e5d252",
              "isHook": false,
              "skipped": false
            }
          ],
          "suites": [],
          "passes": [
            "2cef89ac-fad7-41d9-826d-dd7cecbfbdeb"
          ],
          "failures": [],
          "pending": [],
          "skipped": [],
          "duration": 5010,
          "root": false,
          "rootEmpty": false,
          "_timeout": 2000
        }
      ],
      "passes": [],
      "failures": [],
      "pending": [],
      "skipped": [],
      "duration": 0,
      "root": true,
      "rootEmpty": true,
      "_timeout": 2000
    },
    {
      "uuid": "bfb28436-af86-4b9e-a224-96be95fbf3f8",
      "title": "",
      "fullFile": "cypress/integration/examples/Test2.js",
      "file": "cypress/integration/examples/Test2.js",
      "beforeHooks": [],
      "afterHooks": [],
      "tests": [],
      "suites": [
        {
          "uuid": "9ca9e01b-c43f-4369-9985-b144233adfce",
          "title": "My second test Suite",
          "fullFile": "",
          "file": "",
          "beforeHooks": [],
          "afterHooks": [],
          "tests": [
            {
              "title": "My second test case",
              "fullTitle": "My second test Suite My second test case",
              "timedOut": null,
              "duration": 4502,
              "state": "passed",
              "speed": "fast",
              "pass": true,
              "fail": false,
              "pending": false,
              "context": null,
              "code": "cy.visit(\"https://rahulshettyacademy.com/seleniumPractise/#/\");\ncy.get('.search-keyword').type('ca');\ncy.wait(2000); // Parent child chaining\ncy.get('.products').as('productsLocator');\ncy.get('@productsLocator').find('.product').each(($el, index, $list) => {\n  const titolo_prodotto = $el.find('h4.product-name').text();\n  if (titolo_prodotto.includes('Cashews')) {\n    cy.wrap($el).find(\"button[type='button']\").click();\n  }\n});\ncy.get('.cart-icon > img').click();\ncy.contains('PROCEED TO CHECKOUT').click();\ncy.contains('Place Order').click();",
              "err": {},
              "uuid": "b73c407f-1c05-45f6-ace8-8939fbee0812",
              "parentUUID": "9ca9e01b-c43f-4369-9985-b144233adfce",
              "isHook": false,
              "skipped": false
            }
          ],
          "suites": [],
          "passes": [
            "b73c407f-1c05-45f6-ace8-8939fbee0812"
          ],
          "failures": [],
          "pending": [],
          "skipped": [],
          "duration": 4502,
          "root": false,
          "rootEmpty": false,
          "_timeout": 2000
        }
      ],
      "passes": [],
      "failures": [],
      "pending": [],
      "skipped": [],
      "duration": 0,
      "root": true,
      "rootEmpty": true,
      "_timeout": 2000
    },
    {
      "uuid": "66f21a47-0ae4-4116-8144-a4c63b8b400f",
      "title": "",
      "fullFile": "cypress/integration/examples/Test3.js",
      "file": "cypress/integration/examples/Test3.js",
      "beforeHooks": [],
      "afterHooks": [],
      "tests": [],
      "suites": [
        {
          "uuid": "a32e6e1e-26f1-4675-b3f4-273169fddd4e",
          "title": "My third test Suite",
          "fullFile": "",
          "file": "",
          "beforeHooks": [],
          "afterHooks": [],
          "tests": [
            {
              "title": "My third test case",
              "fullTitle": "My third test Suite My third test case",
              "timedOut": null,
              "duration": 5599,
              "state": "passed",
              "speed": "medium",
              "pass": true,
              "fail": false,
              "pending": false,
              "context": null,
              "code": "cy.visit(\"https://rahulshettyacademy.com/AutomationPractice/\"); // check boxex\ncy.get('#checkBoxOption1').check().should('be.checked').and('have.value', 'option1');\ncy.get('#checkBoxOption1').uncheck().should('not.be.checked');\ncy.get('input[type=\"checkbox\"]').check(['option2', 'option3']); // static dropdown\ncy.get('select').select('option2').should('have.value', 'option2'); // Dynamic dropdown\ncy.get('#autocomplete').type('ind');\ncy.get('.ui-menu-item div').each(($el, index, $list) => {\n  const paese = $el.text();\n  if (paese === 'India') {\n    cy.wrap($el).click();\n  }\n});\ncy.get('#autocomplete').should('have.value', 'India'); // visible invisible\ncy.get('#displayed-text').should('be.visible');\ncy.get('#hide-textbox').click();\ncy.get('#displayed-text').should('not.be.visible');\ncy.get('#show-textbox').click();\ncy.get('#displayed-text').should('be.visible'); // radio button\ncy.get('[value=\"radio2\"]').check().should('be.checked');",
              "err": {},
              "uuid": "0671a30c-e172-490b-ad70-df1a49a3e4d0",
              "parentUUID": "a32e6e1e-26f1-4675-b3f4-273169fddd4e",
              "isHook": false,
              "skipped": false
            }
          ],
          "suites": [],
          "passes": [
            "0671a30c-e172-490b-ad70-df1a49a3e4d0"
          ],
          "failures": [],
          "pending": [],
          "skipped": [],
          "duration": 5599,
          "root": false,
          "rootEmpty": false,
          "_timeout": 2000
        }
      ],
      "passes": [],
      "failures": [],
      "pending": [],
      "skipped": [],
      "duration": 0,
      "root": true,
      "rootEmpty": true,
      "_timeout": 2000
    },
    {
      "uuid": "3be24679-06dc-41ba-b912-c083a7cab6dd",
      "title": "",
      "fullFile": "cypress/integration/examples/Test4.js",
      "file": "cypress/integration/examples/Test4.js",
      "beforeHooks": [],
      "afterHooks": [],
      "tests": [],
      "suites": [
        {
          "uuid": "0abd67c7-638f-4d34-a017-c62594dde14d",
          "title": "My fourth test Suite",
          "fullFile": "",
          "file": "",
          "beforeHooks": [],
          "afterHooks": [],
          "tests": [
            {
              "title": "My fourth test case",
              "fullTitle": "My fourth test Suite My fourth test case",
              "timedOut": null,
              "duration": 6348,
              "state": "passed",
              "speed": "medium",
              "pass": true,
              "fail": false,
              "pending": false,
              "context": null,
              "code": "cy.visit(\"https://rahulshettyacademy.com/AutomationPractice/\"); // check popup / alert\ncy.get('#alertbtn').click();\ncy.get('#confirmbtn').click(); // window:alert\ncy.on('window:alert', str => {\n  //Mocha\n  expect(str).to.equal(\"Hello , share this practice page and share your knowledge\");\n});\ncy.on('window:confirm', str => {\n  //Mocha\n  expect(str).to.equal(\"Hello , Are you sure you want to confirm?\");\n}); // how to handle child window in browser -> remove attribute \"Target\" (inovke comand to launch jquery function)\ncy.get('#opentab').invoke('removeAttr', 'target').click(); // cypress check URL\ncy.url().should('include', 'www.rahulshettyacademy.com'); // cypress navigation commands\ncy.go('back');",
              "err": {},
              "uuid": "6d7e21f3-720a-4a25-987d-db7da45645ba",
              "parentUUID": "0abd67c7-638f-4d34-a017-c62594dde14d",
              "isHook": false,
              "skipped": false
            }
          ],
          "suites": [],
          "passes": [
            "6d7e21f3-720a-4a25-987d-db7da45645ba"
          ],
          "failures": [],
          "pending": [],
          "skipped": [],
          "duration": 6348,
          "root": false,
          "rootEmpty": false,
          "_timeout": 2000
        }
      ],
      "passes": [],
      "failures": [],
      "pending": [],
      "skipped": [],
      "duration": 0,
      "root": true,
      "rootEmpty": true,
      "_timeout": 2000
    },
    {
      "uuid": "75651cd6-6614-456b-a898-6b8ae4907575",
      "title": "",
      "fullFile": "cypress/integration/examples/Test5.js",
      "file": "cypress/integration/examples/Test5.js",
      "beforeHooks": [],
      "afterHooks": [],
      "tests": [],
      "suites": [
        {
          "uuid": "6cd1d226-c754-4814-93ce-6267ce294b9c",
          "title": "My fifth test Suite",
          "fullFile": "",
          "file": "",
          "beforeHooks": [],
          "afterHooks": [],
          "tests": [
            {
              "title": "My fifth test case",
              "fullTitle": "My fifth test Suite My fifth test case",
              "timedOut": null,
              "duration": 3681,
              "state": "passed",
              "speed": "fast",
              "pass": true,
              "fail": false,
              "pending": false,
              "context": null,
              "code": "cy.visit(\"https://rahulshettyacademy.com/AutomationPractice/\"); //extract text from table cell and from sibling element\ncy.get('tr td:nth-child(2)').each(($el, index, $list) => {\n  const text = $el.text();\n  if (text.includes('Python')) {\n    cy.get('tr td:nth-child(2)').eq(index).next().then(function (price) {\n      const priceText = price.text();\n      expect(priceText).to.equal('25');\n    });\n  }\n});",
              "err": {},
              "uuid": "4910e17f-c19a-4d1a-82ce-dddd1eb6cc60",
              "parentUUID": "6cd1d226-c754-4814-93ce-6267ce294b9c",
              "isHook": false,
              "skipped": false
            }
          ],
          "suites": [],
          "passes": [
            "4910e17f-c19a-4d1a-82ce-dddd1eb6cc60"
          ],
          "failures": [],
          "pending": [],
          "skipped": [],
          "duration": 3681,
          "root": false,
          "rootEmpty": false,
          "_timeout": 2000
        }
      ],
      "passes": [],
      "failures": [],
      "pending": [],
      "skipped": [],
      "duration": 0,
      "root": true,
      "rootEmpty": true,
      "_timeout": 2000
    },
    {
      "uuid": "94217134-8b9a-4d4f-b921-0af3824e09a2",
      "title": "",
      "fullFile": "cypress/integration/examples/Test6.js",
      "file": "cypress/integration/examples/Test6.js",
      "beforeHooks": [],
      "afterHooks": [],
      "tests": [],
      "suites": [
        {
          "uuid": "014ff4e2-bd5b-40c0-b8a2-459ebe4f7df7",
          "title": "My fifth test Suite",
          "fullFile": "",
          "file": "",
          "beforeHooks": [],
          "afterHooks": [],
          "tests": [
            {
              "title": "My fifth test case",
              "fullTitle": "My fifth test Suite My fifth test case",
              "timedOut": null,
              "duration": 4319,
              "state": "passed",
              "speed": "fast",
              "pass": true,
              "fail": false,
              "pending": false,
              "context": null,
              "code": "cy.visit(\"https://rahulshettyacademy.com/AutomationPractice/\"); // mouse over\ncy.get('.mouse-hover-content').invoke('show');\ncy.contains('Top').click();\ncy.go('back'); // force ckick su elementi nascostu\ncy.contains('Top').click({\n  force: true\n});\ncy.url().should('include', 'top');",
              "err": {},
              "uuid": "69df54c4-75ab-49ce-85e8-72fcfd31c519",
              "parentUUID": "014ff4e2-bd5b-40c0-b8a2-459ebe4f7df7",
              "isHook": false,
              "skipped": false
            }
          ],
          "suites": [],
          "passes": [
            "69df54c4-75ab-49ce-85e8-72fcfd31c519"
          ],
          "failures": [],
          "pending": [],
          "skipped": [],
          "duration": 4319,
          "root": false,
          "rootEmpty": false,
          "_timeout": 2000
        }
      ],
      "passes": [],
      "failures": [],
      "pending": [],
      "skipped": [],
      "duration": 0,
      "root": true,
      "rootEmpty": true,
      "_timeout": 2000
    },
    {
      "uuid": "f9819a11-34a3-4671-989f-950a9a69be91",
      "title": "",
      "fullFile": "cypress/integration/examples/Test7.js",
      "file": "cypress/integration/examples/Test7.js",
      "beforeHooks": [],
      "afterHooks": [],
      "tests": [],
      "suites": [
        {
          "uuid": "cd404711-ce9c-43e2-9d55-8b46d28fb7e1",
          "title": "My seventh test Suite",
          "fullFile": "",
          "file": "",
          "beforeHooks": [],
          "afterHooks": [],
          "tests": [
            {
              "title": "My seventh test case",
              "fullTitle": "My seventh test Suite My seventh test case",
              "timedOut": null,
              "duration": 4487,
              "state": "passed",
              "speed": "fast",
              "pass": true,
              "fail": false,
              "pending": false,
              "context": null,
              "code": "cy.visit(Cypress.env(\"url\") + \"/AutomationPractice/\"); // extract href url\ncy.get('#opentab').then(function (el) {\n  const url = el.prop('href');\n  cy.log(url);\n  cy.visit(url);\n});",
              "err": {},
              "uuid": "92eb7bb6-3894-4d4f-87a3-ec61854ec750",
              "parentUUID": "cd404711-ce9c-43e2-9d55-8b46d28fb7e1",
              "isHook": false,
              "skipped": false
            }
          ],
          "suites": [],
          "passes": [
            "92eb7bb6-3894-4d4f-87a3-ec61854ec750"
          ],
          "failures": [],
          "pending": [],
          "skipped": [],
          "duration": 4487,
          "root": false,
          "rootEmpty": false,
          "_timeout": 2000
        }
      ],
      "passes": [],
      "failures": [],
      "pending": [],
      "skipped": [],
      "duration": 0,
      "root": true,
      "rootEmpty": true,
      "_timeout": 2000
    },
    {
      "uuid": "ce12a88b-b7bd-4062-9240-a77b410b5083",
      "title": "",
      "fullFile": "cypress/integration/examples/FrameTest.js",
      "file": "cypress/integration/examples/FrameTest.js",
      "beforeHooks": [],
      "afterHooks": [],
      "tests": [],
      "suites": [
        {
          "uuid": "93352869-4dc1-4041-9955-453d89c498ea",
          "title": "Frames test Suite",
          "fullFile": "",
          "file": "",
          "beforeHooks": [],
          "afterHooks": [],
          "tests": [
            {
              "title": "My Frame test case",
              "fullTitle": "Frames test Suite My Frame test case",
              "timedOut": null,
              "duration": 9436,
              "state": "passed",
              "speed": "medium",
              "pass": true,
              "fail": false,
              "pending": false,
              "context": null,
              "code": "cy.visit(\"https://rahulshettyacademy.com/AutomationPractice/\"); // switch to iframe\ncy.frameLoaded('#courses-iframe');\ncy.iframe().find('a[href=\"mentorship\"]').eq(0).click();\ncy.wait(4000);\ncy.iframe().find('h1[class*=\"pricing-title\"]').should('have.length', 2);",
              "err": {},
              "uuid": "13351f77-04c6-4c64-88a3-e1fe867ab520",
              "parentUUID": "93352869-4dc1-4041-9955-453d89c498ea",
              "isHook": false,
              "skipped": false
            }
          ],
          "suites": [],
          "passes": [
            "13351f77-04c6-4c64-88a3-e1fe867ab520"
          ],
          "failures": [],
          "pending": [],
          "skipped": [],
          "duration": 9436,
          "root": false,
          "rootEmpty": false,
          "_timeout": 2000
        }
      ],
      "passes": [],
      "failures": [],
      "pending": [],
      "skipped": [],
      "duration": 0,
      "root": true,
      "rootEmpty": true,
      "_timeout": 2000
    }
  ],
  "meta": {
    "mocha": {
      "version": "7.0.1"
    },
    "mochawesome": {
      "options": {
        "quiet": false,
        "reportFilename": "mochawesome",
        "saveHtml": false,
        "saveJson": true,
        "consoleReporter": "spec",
        "useInlineDiffs": false,
        "code": true
      },
      "version": "7.1.3"
    },
    "marge": {
      "options": {
        "reportDir": "cypress/results",
        "overwrite": false,
        "html": false,
        "json": true
      },
      "version": "6.2.0"
    }
  }
}