{
  "stats": {
    "suites": 1,
    "tests": 1,
    "passes": 1,
    "pending": 0,
    "failures": 0,
    "start": "2022-08-18T15:54:31.557Z",
    "end": "2022-08-18T15:54:39.789Z",
    "duration": 8232,
    "testsRegistered": 1,
    "passPercent": 100,
    "pendingPercent": 0,
    "other": 0,
    "hasOther": false,
    "skipped": 0,
    "hasSkipped": false
  },
  "results": [
    {
      "uuid": "3be24679-06dc-41ba-b912-c083a7cab6dd",
      "title": "",
      "fullFile": "cypress/integration/examples/Test4.js",
      "file": "cypress/integration/examples/Test4.js",
      "beforeHooks": [],
      "afterHooks": [],
      "tests": [],
      "suites": [
        {
          "uuid": "0abd67c7-638f-4d34-a017-c62594dde14d",
          "title": "My fourth test Suite",
          "fullFile": "",
          "file": "",
          "beforeHooks": [],
          "afterHooks": [],
          "tests": [
            {
              "title": "My fourth test case",
              "fullTitle": "My fourth test Suite My fourth test case",
              "timedOut": null,
              "duration": 6348,
              "state": "passed",
              "speed": "medium",
              "pass": true,
              "fail": false,
              "pending": false,
              "context": null,
              "code": "cy.visit(\"https://rahulshettyacademy.com/AutomationPractice/\"); // check popup / alert\ncy.get('#alertbtn').click();\ncy.get('#confirmbtn').click(); // window:alert\ncy.on('window:alert', str => {\n  //Mocha\n  expect(str).to.equal(\"Hello , share this practice page and share your knowledge\");\n});\ncy.on('window:confirm', str => {\n  //Mocha\n  expect(str).to.equal(\"Hello , Are you sure you want to confirm?\");\n}); // how to handle child window in browser -> remove attribute \"Target\" (inovke comand to launch jquery function)\ncy.get('#opentab').invoke('removeAttr', 'target').click(); // cypress check URL\ncy.url().should('include', 'www.rahulshettyacademy.com'); // cypress navigation commands\ncy.go('back');",
              "err": {},
              "uuid": "6d7e21f3-720a-4a25-987d-db7da45645ba",
              "parentUUID": "0abd67c7-638f-4d34-a017-c62594dde14d",
              "isHook": false,
              "skipped": false
            }
          ],
          "suites": [],
          "passes": [
            "6d7e21f3-720a-4a25-987d-db7da45645ba"
          ],
          "failures": [],
          "pending": [],
          "skipped": [],
          "duration": 6348,
          "root": false,
          "rootEmpty": false,
          "_timeout": 2000
        }
      ],
      "passes": [],
      "failures": [],
      "pending": [],
      "skipped": [],
      "duration": 0,
      "root": true,
      "rootEmpty": true,
      "_timeout": 2000
    }
  ],
  "meta": {
    "mocha": {
      "version": "7.0.1"
    },
    "mochawesome": {
      "options": {
        "quiet": false,
        "reportFilename": "mochawesome",
        "saveHtml": false,
        "saveJson": true,
        "consoleReporter": "spec",
        "useInlineDiffs": false,
        "code": true
      },
      "version": "7.1.3"
    },
    "marge": {
      "options": {
        "reportDir": "cypress/results",
        "overwrite": false,
        "html": false,
        "json": true
      },
      "version": "6.2.0"
    }
  }
}