{
  "stats": {
    "suites": 1,
    "tests": 1,
    "passes": 1,
    "pending": 0,
    "failures": 0,
    "start": "2022-08-18T15:54:06.877Z",
    "end": "2022-08-18T15:54:13.148Z",
    "duration": 6271,
    "testsRegistered": 1,
    "passPercent": 100,
    "pendingPercent": 0,
    "other": 0,
    "hasOther": false,
    "skipped": 0,
    "hasSkipped": false
  },
  "results": [
    {
      "uuid": "bfb28436-af86-4b9e-a224-96be95fbf3f8",
      "title": "",
      "fullFile": "cypress/integration/examples/Test2.js",
      "file": "cypress/integration/examples/Test2.js",
      "beforeHooks": [],
      "afterHooks": [],
      "tests": [],
      "suites": [
        {
          "uuid": "9ca9e01b-c43f-4369-9985-b144233adfce",
          "title": "My second test Suite",
          "fullFile": "",
          "file": "",
          "beforeHooks": [],
          "afterHooks": [],
          "tests": [
            {
              "title": "My second test case",
              "fullTitle": "My second test Suite My second test case",
              "timedOut": null,
              "duration": 4502,
              "state": "passed",
              "speed": "fast",
              "pass": true,
              "fail": false,
              "pending": false,
              "context": null,
              "code": "cy.visit(\"https://rahulshettyacademy.com/seleniumPractise/#/\");\ncy.get('.search-keyword').type('ca');\ncy.wait(2000); // Parent child chaining\ncy.get('.products').as('productsLocator');\ncy.get('@productsLocator').find('.product').each(($el, index, $list) => {\n  const titolo_prodotto = $el.find('h4.product-name').text();\n  if (titolo_prodotto.includes('Cashews')) {\n    cy.wrap($el).find(\"button[type='button']\").click();\n  }\n});\ncy.get('.cart-icon > img').click();\ncy.contains('PROCEED TO CHECKOUT').click();\ncy.contains('Place Order').click();",
              "err": {},
              "uuid": "b73c407f-1c05-45f6-ace8-8939fbee0812",
              "parentUUID": "9ca9e01b-c43f-4369-9985-b144233adfce",
              "isHook": false,
              "skipped": false
            }
          ],
          "suites": [],
          "passes": [
            "b73c407f-1c05-45f6-ace8-8939fbee0812"
          ],
          "failures": [],
          "pending": [],
          "skipped": [],
          "duration": 4502,
          "root": false,
          "rootEmpty": false,
          "_timeout": 2000
        }
      ],
      "passes": [],
      "failures": [],
      "pending": [],
      "skipped": [],
      "duration": 0,
      "root": true,
      "rootEmpty": true,
      "_timeout": 2000
    }
  ],
  "meta": {
    "mocha": {
      "version": "7.0.1"
    },
    "mochawesome": {
      "options": {
        "quiet": false,
        "reportFilename": "mochawesome",
        "saveHtml": false,
        "saveJson": true,
        "consoleReporter": "spec",
        "useInlineDiffs": false,
        "code": true
      },
      "version": "7.1.3"
    },
    "marge": {
      "options": {
        "reportDir": "cypress/results",
        "overwrite": false,
        "html": false,
        "json": true
      },
      "version": "6.2.0"
    }
  }
}