{
  "stats": {
    "suites": 1,
    "tests": 1,
    "passes": 1,
    "pending": 0,
    "failures": 0,
    "start": "2022-08-18T15:53:54.697Z",
    "end": "2022-08-18T15:54:01.481Z",
    "duration": 6784,
    "testsRegistered": 1,
    "passPercent": 100,
    "pendingPercent": 0,
    "other": 0,
    "hasOther": false,
    "skipped": 0,
    "hasSkipped": false
  },
  "results": [
    {
      "uuid": "5e7dbf81-5e40-494b-97f8-df53d154109a",
      "title": "",
      "fullFile": "cypress/integration/examples/Test1.js",
      "file": "cypress/integration/examples/Test1.js",
      "beforeHooks": [],
      "afterHooks": [],
      "tests": [],
      "suites": [
        {
          "uuid": "a6f79651-38e1-4d4a-9f89-06f873e5d252",
          "title": "My first test Suite",
          "fullFile": "",
          "file": "",
          "beforeHooks": [],
          "afterHooks": [],
          "tests": [
            {
              "title": "My first test case",
              "fullTitle": "My first test Suite My first test case",
              "timedOut": null,
              "duration": 5010,
              "state": "passed",
              "speed": "medium",
              "pass": true,
              "fail": false,
              "pending": false,
              "context": null,
              "code": "cy.visit(\"https://rahulshettyacademy.com/seleniumPractise/#/\");\ncy.get('.search-keyword').type('ca');\ncy.wait(2000);\ncy.get('.product:visible').should('have.length', 4); // Parent child chaining\ncy.get('.products').as('productsLocator');\ncy.get('@productsLocator').find('.product').should('have.length', 4);\ncy.get('@productsLocator').find('.product').eq(2).contains('ADD TO CART').click().then(function () {\n  console.log(\"Test\");\n});\ncy.get('@productsLocator').find('.product').each(($el, index, $list) => {\n  const titolo_prodotto = $el.find('h4.product-name').text();\n  if (titolo_prodotto.includes('Cashews')) {\n    cy.wrap($el).find(\"button[type='button']\").click();\n  }\n}); // assert if logo text is correctly displayed\ncy.get('.brand.greenLogo').should('have.text', 'GREENKART'); // this is to print in logs\ncy.get('.brand.greenLogo').then(function (logo) {\n  cy.log(logo.text());\n});",
              "err": {},
              "uuid": "2cef89ac-fad7-41d9-826d-dd7cecbfbdeb",
              "parentUUID": "a6f79651-38e1-4d4a-9f89-06f873e5d252",
              "isHook": false,
              "skipped": false
            }
          ],
          "suites": [],
          "passes": [
            "2cef89ac-fad7-41d9-826d-dd7cecbfbdeb"
          ],
          "failures": [],
          "pending": [],
          "skipped": [],
          "duration": 5010,
          "root": false,
          "rootEmpty": false,
          "_timeout": 2000
        }
      ],
      "passes": [],
      "failures": [],
      "pending": [],
      "skipped": [],
      "duration": 0,
      "root": true,
      "rootEmpty": true,
      "_timeout": 2000
    }
  ],
  "meta": {
    "mocha": {
      "version": "7.0.1"
    },
    "mochawesome": {
      "options": {
        "quiet": false,
        "reportFilename": "mochawesome",
        "saveHtml": false,
        "saveJson": true,
        "consoleReporter": "spec",
        "useInlineDiffs": false,
        "code": true
      },
      "version": "7.1.3"
    },
    "marge": {
      "options": {
        "reportDir": "cypress/results",
        "overwrite": false,
        "html": false,
        "json": true
      },
      "version": "6.2.0"
    }
  }
}