{
  "stats": {
    "suites": 1,
    "tests": 1,
    "passes": 1,
    "pending": 0,
    "failures": 0,
    "start": "2022-08-17T16:59:54.045Z",
    "end": "2022-08-17T17:00:05.263Z",
    "duration": 11218,
    "testsRegistered": 1,
    "passPercent": 100,
    "pendingPercent": 0,
    "other": 0,
    "hasOther": false,
    "skipped": 0,
    "hasSkipped": false
  },
  "results": [
    {
      "uuid": "6308ca8b-5eb8-4aea-8adc-49f3f4b85a07",
      "title": "",
      "fullFile": "cypress/integration/examples/FrameworkBTestPOM.js",
      "file": "cypress/integration/examples/FrameworkBTestPOM.js",
      "beforeHooks": [],
      "afterHooks": [],
      "tests": [],
      "suites": [
        {
          "uuid": "df7686c6-2019-4197-a550-1ecef6c54fbe",
          "title": "Framework test Suite",
          "fullFile": "",
          "file": "",
          "beforeHooks": [],
          "afterHooks": [],
          "tests": [
            {
              "title": "My Framework test case",
              "fullTitle": "Framework test Suite My Framework test case",
              "timedOut": null,
              "duration": 8929,
              "state": "passed",
              "speed": "medium",
              "pass": true,
              "fail": false,
              "pending": false,
              "context": null,
              "code": "const homePage = new _HomePage.default();\nconst productsPage = new _ProductsPage.default();\nconst checkoutPage = new _CheckoutPage.default();\ncy.visit(Cypress.env(\"url\") + \"/angularpractice/\"); //cy.get('input[name=\"name\"]').eq(0).type(\"Bob\")\nhomePage.getEditBox().type(this.data.name);\nhomePage.getGender().select(this.data.gender);\nhomePage.getTwoWayDataBinding().should('have.value', this.data.name);\nhomePage.getEditBox().should('have.attr', 'minlength', '2');\nhomePage.getEnterpreneur().should('be.disabled');\nhomePage.getShopTab().click(); // for debugging\n// cy.pause()\nthis.data.productName.forEach(element => cy.selectProduct(element));\nproductsPage.getCheckout().click();\nvar sum = 0;\ncheckoutPage.getProductValues().each(($el, index, $list) => {\n  const valoreProdotto = $el.text();\n  var res = valoreProdotto.split(\" \");\n  res = res[1].trim();\n  sum = Number(sum) + Number(res);\n}).then(function () {\n  cy.log(sum);\n});\ncheckoutPage.getTotalValue().then(function (element) {\n  const valoreTotale = element.text();\n  var tot = valoreTotale.split(\" \");\n  tot = Number(tot[1].trim());\n  expect(sum).to.equal(tot);\n});\ncheckoutPage.getCheckout().click();\ncheckoutPage.getDeliveryLocation().type('India'); // set command timeout only for this specific test\nCypress.config('defaultCommandTimeout', 8000); //cy.wait(5000)\ncheckoutPage.getDeliveryLocationSuggestion().click(); // force click on an element covered by another one\ncheckoutPage.clickCheckBox().click({\n  force: true\n});\ncheckoutPage.clickPurchase().click();\ncheckoutPage.thankYouMessage().then(function (element) {\n  const actualText = element.text();\n  expect(actualText.includes('Success')).to.be.true;\n});",
              "err": {},
              "uuid": "06dd06e9-0708-4cdf-8217-82fd2ae9b863",
              "parentUUID": "df7686c6-2019-4197-a550-1ecef6c54fbe",
              "isHook": false,
              "skipped": false
            }
          ],
          "suites": [],
          "passes": [
            "06dd06e9-0708-4cdf-8217-82fd2ae9b863"
          ],
          "failures": [],
          "pending": [],
          "skipped": [],
          "duration": 8929,
          "root": false,
          "rootEmpty": false,
          "_timeout": 2000
        }
      ],
      "passes": [],
      "failures": [],
      "pending": [],
      "skipped": [],
      "duration": 0,
      "root": true,
      "rootEmpty": true,
      "_timeout": 2000
    }
  ],
  "meta": {
    "mocha": {
      "version": "7.0.1"
    },
    "mochawesome": {
      "options": {
        "quiet": false,
        "reportFilename": "mochawesome",
        "saveHtml": true,
        "saveJson": true,
        "consoleReporter": "spec",
        "useInlineDiffs": false,
        "code": true
      },
      "version": "7.1.3"
    },
    "marge": {
      "options": null,
      "version": "6.2.0"
    }
  }
}