{
  "stats": {
    "suites": 1,
    "tests": 1,
    "passes": 1,
    "pending": 0,
    "failures": 0,
    "start": "2022-08-18T15:50:27.377Z",
    "end": "2022-08-18T15:50:34.006Z",
    "duration": 6629,
    "testsRegistered": 1,
    "passPercent": 100,
    "pendingPercent": 0,
    "other": 0,
    "hasOther": false,
    "skipped": 0,
    "hasSkipped": false
  },
  "results": [
    {
      "uuid": "962c1ec3-11c9-4517-b3e1-d503d2e39304",
      "title": "",
      "fullFile": "cypress/integration/examples/Test7.js",
      "file": "cypress/integration/examples/Test7.js",
      "beforeHooks": [],
      "afterHooks": [],
      "tests": [],
      "suites": [
        {
          "uuid": "ad80ea16-d650-44f7-bead-f62150da8933",
          "title": "My seventh test Suite",
          "fullFile": "",
          "file": "",
          "beforeHooks": [],
          "afterHooks": [],
          "tests": [
            {
              "title": "My seventh test case",
              "fullTitle": "My seventh test Suite My seventh test case",
              "timedOut": null,
              "duration": 4795,
              "state": "passed",
              "speed": "fast",
              "pass": true,
              "fail": false,
              "pending": false,
              "context": null,
              "code": "cy.visit(Cypress.env(\"url\") + \"/AutomationPractice/\"); // extract href url\ncy.get('#opentab').then(function (el) {\n  const url = el.prop('href');\n  cy.log(url);\n  cy.visit(url);\n});",
              "err": {},
              "uuid": "bc529625-3a84-445d-bbb6-0f4516797272",
              "parentUUID": "ad80ea16-d650-44f7-bead-f62150da8933",
              "isHook": false,
              "skipped": false
            }
          ],
          "suites": [],
          "passes": [
            "bc529625-3a84-445d-bbb6-0f4516797272"
          ],
          "failures": [],
          "pending": [],
          "skipped": [],
          "duration": 4795,
          "root": false,
          "rootEmpty": false,
          "_timeout": 2000
        }
      ],
      "passes": [],
      "failures": [],
      "pending": [],
      "skipped": [],
      "duration": 0,
      "root": true,
      "rootEmpty": true,
      "_timeout": 2000
    }
  ],
  "meta": {
    "mocha": {
      "version": "7.0.1"
    },
    "mochawesome": {
      "options": {
        "quiet": false,
        "reportFilename": "mochawesome",
        "saveHtml": true,
        "saveJson": true,
        "consoleReporter": "spec",
        "useInlineDiffs": false,
        "code": true
      },
      "version": "7.1.3"
    },
    "marge": {
      "options": {
        "mochaFile": "results/my-test-output-[hash].xml"
      },
      "version": "6.2.0"
    }
  }
}